<?xml version="1.0" encoding="UTF-8"?>
<!-- Generated by org.testng.reporters.JUnitXMLReporter -->
<testsuite hostname="LAPTOP-FRG64D42" ignored="2" name="Test" tests="2" failures="0" timestamp="19 Dec 2021 17:37:22 GMT" time="0.096" errors="0">
  <testcase name="f" time="0.016" classname="testcases.OrangeHRM"/>
  <testcase name="f" time="0.002" classname="testcases.ValidateToolBarIcons"/>
  <testcase name="@AfterSuite closeBrowser" time="0.0" classname="utility.BaseClass">
    <ignored/>
  </testcase> <!-- @AfterSuite closeBrowser -->
  <testcase name="@BeforeSuite openBrowser" time="0.0" classname="utility.BaseClass">
    <ignored/>
  </testcase> <!-- @BeforeSuite openBrowser -->
</testsuite> <!-- Test -->
